<?xml version="1.0" encoding="UTF-8"?>
<!-- Generated by org.testng.reporters.JUnitReportReporter -->
<testsuite hostname="DESKTOP-Q73VOAD" failures="0" tests="1" name="StepDefinations.LoginSteps" time="18.654" errors="0" timestamp="2023-11-25T22:57:21 IST" skipped="0">
  <testcase classname="StepDefinations.LoginSteps" name="user_open_the_demo_qa_app" time="18.654"/>
  <system-out/>
</testsuite> <!-- StepDefinations.LoginSteps -->
