<?xml version="1.0" encoding="UTF-8"?>
<!-- Generated by org.testng.reporters.JUnitReportReporter -->
<testsuite hostname="DESKTOP-Q73VOAD" failures="0" tests="8" name="CucumberRunnerPage.CucumberRunner" time="149.672" errors="0" timestamp="2023-12-26T01:00:05 IST" skipped="0">
  <testcase classname="CucumberRunnerPage.CucumberRunner" name="runScenario" time="16.801"/>
  <system-out/>
  <testcase classname="CucumberRunnerPage.CucumberRunner" name="runScenario" time="17.818"/>
  <system-out/>
  <testcase classname="CucumberRunnerPage.CucumberRunner" name="runScenario" time="16.317"/>
  <system-out/>
  <testcase classname="CucumberRunnerPage.CucumberRunner" name="runScenario" time="23.399"/>
  <system-out/>
  <testcase classname="CucumberRunnerPage.CucumberRunner" name="runScenario" time="20.957"/>
  <system-out/>
  <testcase classname="CucumberRunnerPage.CucumberRunner" name="runScenario" time="17.862"/>
  <system-out/>
  <testcase classname="CucumberRunnerPage.CucumberRunner" name="runScenario" time="18.219"/>
  <system-out/>
  <testcase classname="CucumberRunnerPage.CucumberRunner" name="runScenario" time="18.299"/>
  <system-out/>
</testsuite> <!-- CucumberRunnerPage.CucumberRunner -->
