<?xml version="1.0" encoding="UTF-8"?>
<!-- Generated by org.testng.reporters.JUnitReportReporter -->
<testsuite hostname="DESKTOP-Q73VOAD" failures="0" tests="1" name="CucumberRunnerPage.CucumberRunner" time="74.446" errors="0" timestamp="2023-12-10T20:26:53 IST" skipped="0">
  <testcase classname="CucumberRunnerPage.CucumberRunner" name="runScenario" time="74.446"/>
  <system-out/>
</testsuite> <!-- CucumberRunnerPage.CucumberRunner -->
